<?xml version="1.0" encoding="UTF-8"?>
<testsuite xmlns:xsi="http://www.w3.org/2001/XMLSchema-instance" xsi:noNamespaceSchemaLocation="https://maven.apache.org/surefire/maven-surefire-plugin/xsd/surefire-test-report.xsd" version="3.0.2" name="com.elsys.safebanking.SafebankingApplicationTests" time="4.76" tests="1" errors="0" skipped="0" failures="0" flakes="0">
  <properties>
[...]
</properties>
  <testcase name="contextLoads" classname="com.elsys.safebanking.SafebankingApplicationTests" time="1.145">
    <system-out><![CDATA[15:09:04.794 [main] INFO org.springframework.test.context.support.AnnotationConfigContextLoaderUtils -- Could not detect default configuration classes for test class [com.elsys.safebanking.SafebankingApplicationTests]: SafebankingApplicationTests does not declare any static, non-private, non-final, nested classes annotated with @Configuration.
15:09:05.036 [main] INFO org.springframework.boot.test.context.SpringBootTestContextBootstrapper -- Found @SpringBootConfiguration com.elsys.safebanking.SafebankingApplication for test class com.elsys.safebanking.SafebankingApplicationTests
15:09:05.205 [main] INFO org.springframework.test.context.support.AnnotationConfigContextLoaderUtils -- Could not detect default configuration classes for test class [com.elsys.safebanking.SafebankingApplicationTests]: SafebankingApplicationTests does not declare any static, non-private, non-final, nested classes annotated with @Configuration.
15:09:05.207 [main] INFO org.springframework.boot.test.context.SpringBootTestContextBootstrapper -- Found @SpringBootConfiguration com.elsys.safebanking.SafebankingApplication for test class com.elsys.safebanking.SafebankingApplicationTests
15:09:05.339 [main] INFO org.springframework.boot.devtools.restart.RestartApplicationListener -- Restart disabled due to context in which it is running

  .   ____          _            __ _ _
 /\\ / ___'_ __ _ _(_)_ __  __ _ \ \ \ \
( ( )\___ | '_ | '_| | '_ \/ _` | \ \ \ \
 \\/  ___)| |_)| | | | | || (_| |  ) ) ) )
  '  |____| .__|_| |_|_| |_\__, | / / / /
 =========|_|==============|___/=/_/_/_/

 :: Spring Boot ::                (v4.1.0)

2026-07-03T15:09:05.760+03:00  INFO 4536 --- [safebanking] [           main] c.e.s.SafebankingApplicationTests        : Starting SafebankingApplicationTests using Java 25.0.1 with PID 4536 (started by adria in C:\Users\adria\Desktop\School\IBM\IBM_Internship_2026_Banking\safebanking)
2026-07-03T15:09:05.767+03:00  INFO 4536 --- [safebanking] [           main] c.e.s.SafebankingApplicationTests        : No active profile set, falling back to 1 default profile: "default"
2026-07-03T15:09:07.165+03:00  INFO 4536 --- [safebanking] [           main] eAuthenticationProviderManagerConfigurer : Global AuthenticationManager configured with AuthenticationProvider bean with name authenticationProvider
2026-07-03T15:09:07.165+03:00  WARN 4536 --- [safebanking] [           main] r$InitializeUserDetailsManagerConfigurer : Global AuthenticationManager configured with an AuthenticationProvider bean. UserDetailsService beans will not be used by Spring Security for automatically configuring username/password login. Consider removing the AuthenticationProvider bean. Alternatively, consider using the UserDetailsService in a manually instantiated DaoAuthenticationProvider. If the current configuration is intentional, to turn off this warning, increase the logging level of 'org.springframework.security.config.annotation.authentication.configuration.InitializeUserDetailsBeanManagerConfigurer' to ERROR
2026-07-03T15:09:07.924+03:00  INFO 4536 --- [safebanking] [           main] c.e.s.SafebankingApplicationTests        : Started SafebankingApplicationTests in 2.602 seconds (process running for 4.432)
]]></system-out>
    <system-err><![CDATA[Mockito is currently self-attaching to enable the inline-mock-maker. This will no longer work in future releases of the JDK. Please add Mockito as an agent to your build as described in Mockito's documentation: https://javadoc.io/doc/org.mockito/mockito-core/latest/org.mockito/org/mockito/Mockito.html#0.3
WARNING: A Java agent has been loaded dynamically (C:\Users\adria\.m2\repository\net\bytebuddy\byte-buddy-agent\1.18.10\byte-buddy-agent-1.18.10.jar)
WARNING: If a serviceability tool is in use, please run with -XX:+EnableDynamicAgentLoading to hide this warning
WARNING: If a serviceability tool is not in use, please run with -Djdk.instrument.traceUsage for more information
WARNING: Dynamic loading of agents will be disallowed by default in a future release
]]></system-err>
  </testcase>
</testsuite>