<?xml version="1.0" encoding="UTF-8"?>
<testsuite xmlns:xsi="http://www.w3.org/2001/XMLSchema-instance" xsi:noNamespaceSchemaLocation="https://maven.apache.org/surefire/maven-surefire-plugin/xsd/surefire-test-report.xsd" version="3.0.2" name="com.elsys.safebanking.SafebankingApplicationTests" time="1.734" tests="1" errors="0" skipped="0" failures="0" flakes="0">
  <properties>
[...]
</properties>
  <testcase name="contextLoads" classname="com.elsys.safebanking.SafebankingApplicationTests" time="0.211">
    <system-out><![CDATA[17:40:03.393 [main] INFO org.springframework.test.context.support.AnnotationConfigContextLoaderUtils -- Could not detect default configuration classes for test class [com.elsys.safebanking.SafebankingApplicationTests]: SafebankingApplicationTests does not declare any static, non-private, non-final, nested classes annotated with @Configuration.
17:40:03.427 [main] INFO org.springframework.boot.test.context.SpringBootTestContextBootstrapper -- Found @SpringBootConfiguration com.elsys.safebanking.SafebankingApplication for test class com.elsys.safebanking.SafebankingApplicationTests
17:40:03.455 [main] INFO org.springframework.test.context.support.AnnotationConfigContextLoaderUtils -- Could not detect default configuration classes for test class [com.elsys.safebanking.SafebankingApplicationTests]: SafebankingApplicationTests does not declare any static, non-private, non-final, nested classes annotated with @Configuration.
17:40:03.456 [main] INFO org.springframework.boot.test.context.SpringBootTestContextBootstrapper -- Found @SpringBootConfiguration com.elsys.safebanking.SafebankingApplication for test class com.elsys.safebanking.SafebankingApplicationTests
17:40:03.481 [main] INFO org.springframework.boot.devtools.restart.RestartApplicationListener -- Restart disabled due to context in which it is running

  .   ____          _            __ _ _
 /\\ / ___'_ __ _ _(_)_ __  __ _ \ \ \ \
( ( )\___ | '_ | '_| | '_ \/ _` | \ \ \ \
 \\/  ___)| |_)| | | | | || (_| |  ) ) ) )
  '  |____| .__|_| |_|_| |_\__, | / / / /
 =========|_|==============|___/=/_/_/_/

 :: Spring Boot ::                (v4.1.0)

2026-07-06T17:40:03.582+03:00  INFO 64842 --- [safebanking-test] [           main] c.e.s.SafebankingApplicationTests        : Starting SafebankingApplicationTests using Java 25.0.1 with PID 64842 (started by kristiyankobarelov in /Users/kristiyankobarelov/Documents/Projects/IBM/IBM_Internship_2026_Banking/safebanking)
2026-07-06T17:40:03.582+03:00  INFO 64842 --- [safebanking-test] [           main] c.e.s.SafebankingApplicationTests        : The following 1 profile is active: "test"
2026-07-06T17:40:03.814+03:00  INFO 64842 --- [safebanking-test] [           main] .s.d.r.c.RepositoryConfigurationDelegate : Bootstrapping Spring Data JPA repositories in DEFAULT mode.
2026-07-06T17:40:03.830+03:00  INFO 64842 --- [safebanking-test] [           main] .s.d.r.c.RepositoryConfigurationDelegate : Finished Spring Data repository scanning in 13 ms. Found 1 JPA repository interface.
2026-07-06T17:40:03.983+03:00  INFO 64842 --- [safebanking-test] [           main] org.hibernate.orm.jpa                    : HHH008540: Processing PersistenceUnitInfo [name: default]
2026-07-06T17:40:04.000+03:00  INFO 64842 --- [safebanking-test] [           main] org.hibernate.orm.core                   : HHH000001: Hibernate ORM core version 7.4.1.Final
2026-07-06T17:40:04.125+03:00  INFO 64842 --- [safebanking-test] [           main] o.s.o.j.p.SpringPersistenceUnitInfo      : No LoadTimeWeaver setup: ignoring JPA class transformer
2026-07-06T17:40:04.136+03:00  INFO 64842 --- [safebanking-test] [           main] com.zaxxer.hikari.HikariDataSource       : HikariPool-1 - Starting...
2026-07-06T17:40:04.200+03:00  INFO 64842 --- [safebanking-test] [           main] com.zaxxer.hikari.pool.HikariPool        : HikariPool-1 - Added connection conn0: url=jdbc:h2:mem:safebanking_test user=SA
2026-07-06T17:40:04.201+03:00  INFO 64842 --- [safebanking-test] [           main] com.zaxxer.hikari.HikariDataSource       : HikariPool-1 - Start completed.
2026-07-06T17:40:04.221+03:00  INFO 64842 --- [safebanking-test] [           main] org.hibernate.orm.connections.pooling    : HHH10001005: Database info:
	Database JDBC URL [jdbc:h2:mem:safebanking_test]
	Database driver: H2 JDBC Driver
	Database dialect: H2Dialect
	Database version: 2.4.240
	Default catalog/schema: safebanking_test/public
	Autocommit mode: undefined/unknown
	Isolation level: READ_COMMITTED [default READ_COMMITTED]
	JDBC fetch size: 100
	Pool: DataSourceConnectionProvider
	Minimum pool size: undefined/unknown
	Maximum pool size: undefined/unknown
2026-07-06T17:40:04.531+03:00  INFO 64842 --- [safebanking-test] [           main] org.hibernate.orm.core                   : HHH000489: No JTA platform available (set 'hibernate.transaction.jta.platform' to enable JTA platform integration)
2026-07-06T17:40:04.543+03:00  INFO 64842 --- [safebanking-test] [           main] j.LocalContainerEntityManagerFactoryBean : Initialized JPA EntityManagerFactory for persistence unit 'default'
2026-07-06T17:40:04.570+03:00  INFO 64842 --- [safebanking-test] [           main] o.s.d.j.r.query.QueryEnhancerFactories   : Hibernate is in classpath; If applicable, HQL parser will be used.
2026-07-06T17:40:04.685+03:00  INFO 64842 --- [safebanking-test] [           main] r$InitializeUserDetailsManagerConfigurer : Global AuthenticationManager configured with UserDetailsService bean with name appUserDetailsService
2026-07-06T17:40:04.853+03:00  INFO 64842 --- [safebanking-test] [           main] c.e.s.SafebankingApplicationTests        : Started SafebankingApplicationTests in 1.375 seconds (process running for 1.737)
]]></system-out>
    <system-err><![CDATA[Mockito is currently self-attaching to enable the inline-mock-maker. This will no longer work in future releases of the JDK. Please add Mockito as an agent to your build as described in Mockito's documentation: https://javadoc.io/doc/org.mockito/mockito-core/latest/org.mockito/org/mockito/Mockito.html#0.3
WARNING: A Java agent has been loaded dynamically (/Users/kristiyankobarelov/.m2/repository/net/bytebuddy/byte-buddy-agent/1.18.10/byte-buddy-agent-1.18.10.jar)
WARNING: If a serviceability tool is in use, please run with -XX:+EnableDynamicAgentLoading to hide this warning
WARNING: If a serviceability tool is not in use, please run with -Djdk.instrument.traceUsage for more information
WARNING: Dynamic loading of agents will be disallowed by default in a future release
]]></system-err>
  </testcase>
</testsuite>